30-Oct-2023 00:34:52.376 INFO [main] org.apache.catalina.startup.VersionLoggerListener.log Server version name:   Apache Tomcat/10.1.14
30-Oct-2023 00:34:52.379 INFO [main] org.apache.catalina.startup.VersionLoggerListener.log Server built:          Oct 9 2023 21:01:11 UTC
30-Oct-2023 00:34:52.380 INFO [main] org.apache.catalina.startup.VersionLoggerListener.log Server version number: 10.1.14.0
30-Oct-2023 00:34:52.380 INFO [main] org.apache.catalina.startup.VersionLoggerListener.log OS Name:               Windows 11
30-Oct-2023 00:34:52.380 INFO [main] org.apache.catalina.startup.VersionLoggerListener.log Версия ОС:             10.0
30-Oct-2023 00:34:52.380 INFO [main] org.apache.catalina.startup.VersionLoggerListener.log Архитектура:           amd64
30-Oct-2023 00:34:52.380 INFO [main] org.apache.catalina.startup.VersionLoggerListener.log Java Home:             C:\Users\Anton\.jdks\openjdk-21.0.1
30-Oct-2023 00:34:52.381 INFO [main] org.apache.catalina.startup.VersionLoggerListener.log Версия JVM:            21.0.1+12-29
30-Oct-2023 00:34:52.381 INFO [main] org.apache.catalina.startup.VersionLoggerListener.log Производитель JVM:     Oracle Corporation
30-Oct-2023 00:34:52.381 INFO [main] org.apache.catalina.startup.VersionLoggerListener.log CATALINA_BASE:         C:\Users\Anton\Desktop\prjcts\veb1_crud_workspace\crud\work
30-Oct-2023 00:34:52.381 INFO [main] org.apache.catalina.startup.VersionLoggerListener.log CATALINA_HOME:         C:\Users\Anton\Desktop\prjcts\veb1_crud_workspace\apache-tomcat-10.1.14
30-Oct-2023 00:34:52.388 INFO [main] org.apache.catalina.startup.VersionLoggerListener.log Command line argument: --add-opens=java.base/java.lang=ALL-UNNAMED
30-Oct-2023 00:34:52.388 INFO [main] org.apache.catalina.startup.VersionLoggerListener.log Command line argument: --add-opens=java.base/java.io=ALL-UNNAMED
30-Oct-2023 00:34:52.388 INFO [main] org.apache.catalina.startup.VersionLoggerListener.log Command line argument: --add-opens=java.base/java.util=ALL-UNNAMED
30-Oct-2023 00:34:52.388 INFO [main] org.apache.catalina.startup.VersionLoggerListener.log Command line argument: --add-opens=java.base/java.util.concurrent=ALL-UNNAMED
30-Oct-2023 00:34:52.388 INFO [main] org.apache.catalina.startup.VersionLoggerListener.log Command line argument: --add-opens=java.rmi/sun.rmi.transport=ALL-UNNAMED
30-Oct-2023 00:34:52.389 INFO [main] org.apache.catalina.startup.VersionLoggerListener.log Command line argument: -DENV=DEV
30-Oct-2023 00:34:52.389 INFO [main] org.apache.catalina.startup.VersionLoggerListener.log Command line argument: -Dcatalina.home=C:\Users\Anton\Desktop\prjcts\veb1_crud_workspace\apache-tomcat-10.1.14
30-Oct-2023 00:34:52.389 INFO [main] org.apache.catalina.startup.VersionLoggerListener.log Command line argument: -Dcatalina.base=C:\Users\Anton\Desktop\prjcts\veb1_crud_workspace\crud\work
30-Oct-2023 00:34:52.389 INFO [main] org.apache.catalina.startup.VersionLoggerListener.log Command line argument: -Djava.io.tmpdir=C:\Users\Anton\Desktop\prjcts\veb1_crud_workspace\crud\work\temp
30-Oct-2023 00:34:52.389 INFO [main] org.apache.catalina.startup.VersionLoggerListener.log Command line argument: -Djava.util.logging.config.file=C:\Users\Anton\Desktop\prjcts\veb1_crud_workspace\crud\work\conf\logging.properties
30-Oct-2023 00:34:52.389 INFO [main] org.apache.catalina.startup.VersionLoggerListener.log Command line argument: -Djava.util.logging.manager=org.apache.juli.ClassLoaderLogManager
30-Oct-2023 00:34:52.389 INFO [main] org.apache.catalina.startup.VersionLoggerListener.log Command line argument: -javaagent:C:\Program Files\JetBrains\IntelliJ IDEA 2023.2.4\lib\idea_rt.jar=57951:C:\Program Files\JetBrains\IntelliJ IDEA 2023.2.4\bin
30-Oct-2023 00:34:52.389 INFO [main] org.apache.catalina.startup.VersionLoggerListener.log Command line argument: -Dfile.encoding=UTF-8
30-Oct-2023 00:34:52.389 INFO [main] org.apache.catalina.startup.VersionLoggerListener.log Command line argument: -Dsun.stdout.encoding=UTF-8
30-Oct-2023 00:34:52.389 INFO [main] org.apache.catalina.startup.VersionLoggerListener.log Command line argument: -Dsun.stderr.encoding=UTF-8
30-Oct-2023 00:34:52.391 INFO [main] org.apache.catalina.core.AprLifecycleListener.lifecycleEvent Loaded Apache Tomcat Native library [2.0.6] using APR version [1.7.4].
30-Oct-2023 00:34:52.394 INFO [main] org.apache.catalina.core.AprLifecycleListener.initializeSSL OpenSSL successfully initialized [OpenSSL 3.0.11 19 Sep 2023]
30-Oct-2023 00:34:52.634 INFO [main] org.apache.coyote.AbstractProtocol.init Инициализация ProtocolHandler ["http-nio-8080"]
30-Oct-2023 00:34:52.655 INFO [main] org.apache.catalina.startup.Catalina.load Server initialization in [415] milliseconds
30-Oct-2023 00:34:52.701 INFO [main] org.apache.catalina.core.StandardService.startInternal Starting service [Catalina]
30-Oct-2023 00:34:52.702 INFO [main] org.apache.catalina.core.StandardEngine.startInternal Starting Servlet engine: [Apache Tomcat/10.1.14]
30-Oct-2023 00:34:52.711 INFO [main] org.apache.catalina.startup.HostConfig.deployDescriptor Deploying deployment descriptor [C:\Users\Anton\Desktop\prjcts\veb1_crud_workspace\crud\work\conf\Catalina\localhost\vebinarcrud.xml]
30-Oct-2023 00:34:53.635 INFO [main] org.apache.jasper.servlet.TldScanner.scanJars At least one JAR was scanned for TLDs yet contained no TLDs. Enable debug logging for this logger for a complete list of JARs that were scanned but no TLDs were found in them. Skipping unneeded JARs during scanning can improve startup time and JSP compilation time.
30-Oct-2023 00:34:53.672 INFO [main] org.apache.catalina.startup.HostConfig.deployDescriptor Deployment of deployment descriptor [C:\Users\Anton\Desktop\prjcts\veb1_crud_workspace\crud\work\conf\Catalina\localhost\vebinarcrud.xml] has finished in [959] ms
30-Oct-2023 00:34:53.675 INFO [main] org.apache.coyote.AbstractProtocol.start Starting ProtocolHandler ["http-nio-8080"]
30-Oct-2023 00:34:53.694 INFO [main] org.apache.catalina.startup.Catalina.start Server startup in [1037] milliseconds
30-Oct-2023 00:35:19.463 INFO [Thread-1] org.apache.coyote.AbstractProtocol.pause Pausing ProtocolHandler ["http-nio-8080"]
30-Oct-2023 00:35:19.464 INFO [Thread-1] org.apache.catalina.core.StandardService.stopInternal Stopping service [Catalina]
30-Oct-2023 00:35:19.471 INFO [Thread-1] org.apache.coyote.AbstractProtocol.stop Stopping ProtocolHandler ["http-nio-8080"]
30-Oct-2023 00:35:19.475 INFO [Thread-1] org.apache.coyote.AbstractProtocol.destroy Destroying ProtocolHandler ["http-nio-8080"]
30-Oct-2023 00:35:21.431 INFO [main] org.apache.catalina.startup.VersionLoggerListener.log Server version name:   Apache Tomcat/10.1.14
30-Oct-2023 00:35:21.434 INFO [main] org.apache.catalina.startup.VersionLoggerListener.log Server built:          Oct 9 2023 21:01:11 UTC
30-Oct-2023 00:35:21.435 INFO [main] org.apache.catalina.startup.VersionLoggerListener.log Server version number: 10.1.14.0
30-Oct-2023 00:35:21.435 INFO [main] org.apache.catalina.startup.VersionLoggerListener.log OS Name:               Windows 11
30-Oct-2023 00:35:21.435 INFO [main] org.apache.catalina.startup.VersionLoggerListener.log Версия ОС:             10.0
30-Oct-2023 00:35:21.435 INFO [main] org.apache.catalina.startup.VersionLoggerListener.log Архитектура:           amd64
30-Oct-2023 00:35:21.435 INFO [main] org.apache.catalina.startup.VersionLoggerListener.log Java Home:             C:\Users\Anton\.jdks\openjdk-21.0.1
30-Oct-2023 00:35:21.435 INFO [main] org.apache.catalina.startup.VersionLoggerListener.log Версия JVM:            21.0.1+12-29
30-Oct-2023 00:35:21.435 INFO [main] org.apache.catalina.startup.VersionLoggerListener.log Производитель JVM:     Oracle Corporation
30-Oct-2023 00:35:21.436 INFO [main] org.apache.catalina.startup.VersionLoggerListener.log CATALINA_BASE:         C:\Users\Anton\Desktop\prjcts\veb1_crud_workspace\crud\work
30-Oct-2023 00:35:21.436 INFO [main] org.apache.catalina.startup.VersionLoggerListener.log CATALINA_HOME:         C:\Users\Anton\Desktop\prjcts\veb1_crud_workspace\apache-tomcat-10.1.14
30-Oct-2023 00:35:21.443 INFO [main] org.apache.catalina.startup.VersionLoggerListener.log Command line argument: --add-opens=java.base/java.lang=ALL-UNNAMED
30-Oct-2023 00:35:21.443 INFO [main] org.apache.catalina.startup.VersionLoggerListener.log Command line argument: --add-opens=java.base/java.io=ALL-UNNAMED
30-Oct-2023 00:35:21.443 INFO [main] org.apache.catalina.startup.VersionLoggerListener.log Command line argument: --add-opens=java.base/java.util=ALL-UNNAMED
30-Oct-2023 00:35:21.443 INFO [main] org.apache.catalina.startup.VersionLoggerListener.log Command line argument: --add-opens=java.base/java.util.concurrent=ALL-UNNAMED
30-Oct-2023 00:35:21.443 INFO [main] org.apache.catalina.startup.VersionLoggerListener.log Command line argument: --add-opens=java.rmi/sun.rmi.transport=ALL-UNNAMED
30-Oct-2023 00:35:21.443 INFO [main] org.apache.catalina.startup.VersionLoggerListener.log Command line argument: -DENV=DEV
30-Oct-2023 00:35:21.443 INFO [main] org.apache.catalina.startup.VersionLoggerListener.log Command line argument: -Dcatalina.home=C:\Users\Anton\Desktop\prjcts\veb1_crud_workspace\apache-tomcat-10.1.14
30-Oct-2023 00:35:21.443 INFO [main] org.apache.catalina.startup.VersionLoggerListener.log Command line argument: -Dcatalina.base=C:\Users\Anton\Desktop\prjcts\veb1_crud_workspace\crud\work
30-Oct-2023 00:35:21.443 INFO [main] org.apache.catalina.startup.VersionLoggerListener.log Command line argument: -Djava.io.tmpdir=C:\Users\Anton\Desktop\prjcts\veb1_crud_workspace\crud\work\temp
30-Oct-2023 00:35:21.443 INFO [main] org.apache.catalina.startup.VersionLoggerListener.log Command line argument: -Djava.util.logging.config.file=C:\Users\Anton\Desktop\prjcts\veb1_crud_workspace\crud\work\conf\logging.properties
30-Oct-2023 00:35:21.443 INFO [main] org.apache.catalina.startup.VersionLoggerListener.log Command line argument: -Djava.util.logging.manager=org.apache.juli.ClassLoaderLogManager
30-Oct-2023 00:35:21.443 INFO [main] org.apache.catalina.startup.VersionLoggerListener.log Command line argument: -javaagent:C:\Program Files\JetBrains\IntelliJ IDEA 2023.2.4\lib\idea_rt.jar=57959:C:\Program Files\JetBrains\IntelliJ IDEA 2023.2.4\bin
30-Oct-2023 00:35:21.443 INFO [main] org.apache.catalina.startup.VersionLoggerListener.log Command line argument: -Dfile.encoding=UTF-8
30-Oct-2023 00:35:21.444 INFO [main] org.apache.catalina.startup.VersionLoggerListener.log Command line argument: -Dsun.stdout.encoding=UTF-8
30-Oct-2023 00:35:21.444 INFO [main] org.apache.catalina.startup.VersionLoggerListener.log Command line argument: -Dsun.stderr.encoding=UTF-8
30-Oct-2023 00:35:21.446 INFO [main] org.apache.catalina.core.AprLifecycleListener.lifecycleEvent Loaded Apache Tomcat Native library [2.0.6] using APR version [1.7.4].
30-Oct-2023 00:35:21.450 INFO [main] org.apache.catalina.core.AprLifecycleListener.initializeSSL OpenSSL successfully initialized [OpenSSL 3.0.11 19 Sep 2023]
30-Oct-2023 00:35:21.719 INFO [main] org.apache.coyote.AbstractProtocol.init Инициализация ProtocolHandler ["http-nio-8080"]
30-Oct-2023 00:35:21.736 INFO [main] org.apache.catalina.startup.Catalina.load Server initialization in [457] milliseconds
30-Oct-2023 00:35:21.777 INFO [main] org.apache.catalina.core.StandardService.startInternal Starting service [Catalina]
30-Oct-2023 00:35:21.777 INFO [main] org.apache.catalina.core.StandardEngine.startInternal Starting Servlet engine: [Apache Tomcat/10.1.14]
30-Oct-2023 00:35:21.786 INFO [main] org.apache.catalina.startup.HostConfig.deployDescriptor Deploying deployment descriptor [C:\Users\Anton\Desktop\prjcts\veb1_crud_workspace\crud\work\conf\Catalina\localhost\vebinarcrud.xml]
30-Oct-2023 00:35:22.703 INFO [main] org.apache.jasper.servlet.TldScanner.scanJars At least one JAR was scanned for TLDs yet contained no TLDs. Enable debug logging for this logger for a complete list of JARs that were scanned but no TLDs were found in them. Skipping unneeded JARs during scanning can improve startup time and JSP compilation time.
30-Oct-2023 00:35:22.742 INFO [main] org.apache.catalina.startup.HostConfig.deployDescriptor Deployment of deployment descriptor [C:\Users\Anton\Desktop\prjcts\veb1_crud_workspace\crud\work\conf\Catalina\localhost\vebinarcrud.xml] has finished in [955] ms
30-Oct-2023 00:35:22.745 INFO [main] org.apache.coyote.AbstractProtocol.start Starting ProtocolHandler ["http-nio-8080"]
30-Oct-2023 00:35:22.764 INFO [main] org.apache.catalina.startup.Catalina.start Server startup in [1026] milliseconds
30-Oct-2023 00:36:30.206 INFO [Thread-1] org.apache.coyote.AbstractProtocol.pause Pausing ProtocolHandler ["http-nio-8080"]
30-Oct-2023 00:36:30.207 INFO [Thread-1] org.apache.catalina.core.StandardService.stopInternal Stopping service [Catalina]
30-Oct-2023 00:36:30.214 INFO [Thread-1] org.apache.coyote.AbstractProtocol.stop Stopping ProtocolHandler ["http-nio-8080"]
30-Oct-2023 00:36:30.216 INFO [Thread-1] org.apache.coyote.AbstractProtocol.destroy Destroying ProtocolHandler ["http-nio-8080"]
30-Oct-2023 00:37:12.371 INFO [main] org.apache.catalina.startup.VersionLoggerListener.log Server version name:   Apache Tomcat/10.1.14
30-Oct-2023 00:37:12.374 INFO [main] org.apache.catalina.startup.VersionLoggerListener.log Server built:          Oct 9 2023 21:01:11 UTC
30-Oct-2023 00:37:12.375 INFO [main] org.apache.catalina.startup.VersionLoggerListener.log Server version number: 10.1.14.0
30-Oct-2023 00:37:12.375 INFO [main] org.apache.catalina.startup.VersionLoggerListener.log OS Name:               Windows 11
30-Oct-2023 00:37:12.375 INFO [main] org.apache.catalina.startup.VersionLoggerListener.log Версия ОС:             10.0
30-Oct-2023 00:37:12.375 INFO [main] org.apache.catalina.startup.VersionLoggerListener.log Архитектура:           amd64
30-Oct-2023 00:37:12.375 INFO [main] org.apache.catalina.startup.VersionLoggerListener.log Java Home:             C:\Users\Anton\.jdks\openjdk-21.0.1
30-Oct-2023 00:37:12.375 INFO [main] org.apache.catalina.startup.VersionLoggerListener.log Версия JVM:            21.0.1+12-29
30-Oct-2023 00:37:12.375 INFO [main] org.apache.catalina.startup.VersionLoggerListener.log Производитель JVM:     Oracle Corporation
30-Oct-2023 00:37:12.375 INFO [main] org.apache.catalina.startup.VersionLoggerListener.log CATALINA_BASE:         C:\Users\Anton\Desktop\prjcts\veb1_crud_workspace\vebinarcrud\work
30-Oct-2023 00:37:12.375 INFO [main] org.apache.catalina.startup.VersionLoggerListener.log CATALINA_HOME:         C:\Users\Anton\Desktop\prjcts\veb1_crud_workspace\apache-tomcat-10.1.14
30-Oct-2023 00:37:12.382 INFO [main] org.apache.catalina.startup.VersionLoggerListener.log Command line argument: --add-opens=java.base/java.lang=ALL-UNNAMED
30-Oct-2023 00:37:12.382 INFO [main] org.apache.catalina.startup.VersionLoggerListener.log Command line argument: --add-opens=java.base/java.io=ALL-UNNAMED
30-Oct-2023 00:37:12.382 INFO [main] org.apache.catalina.startup.VersionLoggerListener.log Command line argument: --add-opens=java.base/java.util=ALL-UNNAMED
30-Oct-2023 00:37:12.382 INFO [main] org.apache.catalina.startup.VersionLoggerListener.log Command line argument: --add-opens=java.base/java.util.concurrent=ALL-UNNAMED
30-Oct-2023 00:37:12.383 INFO [main] org.apache.catalina.startup.VersionLoggerListener.log Command line argument: --add-opens=java.rmi/sun.rmi.transport=ALL-UNNAMED
30-Oct-2023 00:37:12.383 INFO [main] org.apache.catalina.startup.VersionLoggerListener.log Command line argument: -DENV=DEV
30-Oct-2023 00:37:12.383 INFO [main] org.apache.catalina.startup.VersionLoggerListener.log Command line argument: -Dcatalina.home=C:\Users\Anton\Desktop\prjcts\veb1_crud_workspace\apache-tomcat-10.1.14
30-Oct-2023 00:37:12.383 INFO [main] org.apache.catalina.startup.VersionLoggerListener.log Command line argument: -Dcatalina.base=C:\Users\Anton\Desktop\prjcts\veb1_crud_workspace\vebinarcrud\work
30-Oct-2023 00:37:12.383 INFO [main] org.apache.catalina.startup.VersionLoggerListener.log Command line argument: -Djava.io.tmpdir=C:\Users\Anton\Desktop\prjcts\veb1_crud_workspace\vebinarcrud\work\temp
30-Oct-2023 00:37:12.383 INFO [main] org.apache.catalina.startup.VersionLoggerListener.log Command line argument: -Djava.util.logging.config.file=C:\Users\Anton\Desktop\prjcts\veb1_crud_workspace\vebinarcrud\work\conf\logging.properties
30-Oct-2023 00:37:12.383 INFO [main] org.apache.catalina.startup.VersionLoggerListener.log Command line argument: -Djava.util.logging.manager=org.apache.juli.ClassLoaderLogManager
30-Oct-2023 00:37:12.383 INFO [main] org.apache.catalina.startup.VersionLoggerListener.log Command line argument: -javaagent:C:\Program Files\JetBrains\IntelliJ IDEA 2023.2.4\lib\idea_rt.jar=57976:C:\Program Files\JetBrains\IntelliJ IDEA 2023.2.4\bin
30-Oct-2023 00:37:12.383 INFO [main] org.apache.catalina.startup.VersionLoggerListener.log Command line argument: -Dfile.encoding=UTF-8
30-Oct-2023 00:37:12.383 INFO [main] org.apache.catalina.startup.VersionLoggerListener.log Command line argument: -Dsun.stdout.encoding=UTF-8
30-Oct-2023 00:37:12.384 INFO [main] org.apache.catalina.startup.VersionLoggerListener.log Command line argument: -Dsun.stderr.encoding=UTF-8
30-Oct-2023 00:37:12.385 INFO [main] org.apache.catalina.core.AprLifecycleListener.lifecycleEvent Loaded Apache Tomcat Native library [2.0.6] using APR version [1.7.4].
30-Oct-2023 00:37:12.389 INFO [main] org.apache.catalina.core.AprLifecycleListener.initializeSSL OpenSSL successfully initialized [OpenSSL 3.0.11 19 Sep 2023]
30-Oct-2023 00:37:12.625 INFO [main] org.apache.coyote.AbstractProtocol.init Инициализация ProtocolHandler ["http-nio-8080"]
30-Oct-2023 00:37:12.644 INFO [main] org.apache.catalina.startup.Catalina.load Server initialization in [407] milliseconds
30-Oct-2023 00:37:12.692 INFO [main] org.apache.catalina.core.StandardService.startInternal Starting service [Catalina]
30-Oct-2023 00:37:12.692 INFO [main] org.apache.catalina.core.StandardEngine.startInternal Starting Servlet engine: [Apache Tomcat/10.1.14]
30-Oct-2023 00:37:12.702 INFO [main] org.apache.catalina.startup.HostConfig.deployDescriptor Deploying deployment descriptor [C:\Users\Anton\Desktop\prjcts\veb1_crud_workspace\vebinarcrud\work\conf\Catalina\localhost\vebinarcrud.xml]
30-Oct-2023 00:37:13.619 INFO [main] org.apache.jasper.servlet.TldScanner.scanJars At least one JAR was scanned for TLDs yet contained no TLDs. Enable debug logging for this logger for a complete list of JARs that were scanned but no TLDs were found in them. Skipping unneeded JARs during scanning can improve startup time and JSP compilation time.
30-Oct-2023 00:37:14.550 INFO [main] org.apache.catalina.startup.HostConfig.deployDescriptor Deployment of deployment descriptor [C:\Users\Anton\Desktop\prjcts\veb1_crud_workspace\vebinarcrud\work\conf\Catalina\localhost\vebinarcrud.xml] has finished in [1 849] ms
30-Oct-2023 00:37:14.553 INFO [main] org.apache.coyote.AbstractProtocol.start Starting ProtocolHandler ["http-nio-8080"]
30-Oct-2023 00:37:14.567 INFO [main] org.apache.catalina.startup.Catalina.start Server startup in [1922] milliseconds
30-Oct-2023 00:38:03.216 INFO [Thread-1] org.apache.coyote.AbstractProtocol.pause Pausing ProtocolHandler ["http-nio-8080"]
30-Oct-2023 00:38:03.217 INFO [Thread-1] org.apache.catalina.core.StandardService.stopInternal Stopping service [Catalina]
30-Oct-2023 00:38:03.225 INFO [Thread-1] org.apache.coyote.AbstractProtocol.stop Stopping ProtocolHandler ["http-nio-8080"]
30-Oct-2023 00:38:03.228 INFO [Thread-1] org.apache.coyote.AbstractProtocol.destroy Destroying ProtocolHandler ["http-nio-8080"]
30-Oct-2023 00:38:05.982 INFO [main] org.apache.catalina.startup.VersionLoggerListener.log Server version name:   Apache Tomcat/10.1.14
30-Oct-2023 00:38:05.985 INFO [main] org.apache.catalina.startup.VersionLoggerListener.log Server built:          Oct 9 2023 21:01:11 UTC
30-Oct-2023 00:38:05.985 INFO [main] org.apache.catalina.startup.VersionLoggerListener.log Server version number: 10.1.14.0
30-Oct-2023 00:38:05.986 INFO [main] org.apache.catalina.startup.VersionLoggerListener.log OS Name:               Windows 11
30-Oct-2023 00:38:05.986 INFO [main] org.apache.catalina.startup.VersionLoggerListener.log Версия ОС:             10.0
30-Oct-2023 00:38:05.986 INFO [main] org.apache.catalina.startup.VersionLoggerListener.log Архитектура:           amd64
30-Oct-2023 00:38:05.986 INFO [main] org.apache.catalina.startup.VersionLoggerListener.log Java Home:             C:\Users\Anton\.jdks\openjdk-21.0.1
30-Oct-2023 00:38:05.986 INFO [main] org.apache.catalina.startup.VersionLoggerListener.log Версия JVM:            21.0.1+12-29
30-Oct-2023 00:38:05.986 INFO [main] org.apache.catalina.startup.VersionLoggerListener.log Производитель JVM:     Oracle Corporation
30-Oct-2023 00:38:05.986 INFO [main] org.apache.catalina.startup.VersionLoggerListener.log CATALINA_BASE:         C:\Users\Anton\Desktop\prjcts\veb1_crud_workspace\vebinarcrud\work
30-Oct-2023 00:38:05.987 INFO [main] org.apache.catalina.startup.VersionLoggerListener.log CATALINA_HOME:         C:\Users\Anton\Desktop\prjcts\veb1_crud_workspace\apache-tomcat-10.1.14
30-Oct-2023 00:38:05.994 INFO [main] org.apache.catalina.startup.VersionLoggerListener.log Command line argument: --add-opens=java.base/java.lang=ALL-UNNAMED
30-Oct-2023 00:38:05.995 INFO [main] org.apache.catalina.startup.VersionLoggerListener.log Command line argument: --add-opens=java.base/java.io=ALL-UNNAMED
30-Oct-2023 00:38:05.995 INFO [main] org.apache.catalina.startup.VersionLoggerListener.log Command line argument: --add-opens=java.base/java.util=ALL-UNNAMED
30-Oct-2023 00:38:05.995 INFO [main] org.apache.catalina.startup.VersionLoggerListener.log Command line argument: --add-opens=java.base/java.util.concurrent=ALL-UNNAMED
30-Oct-2023 00:38:05.995 INFO [main] org.apache.catalina.startup.VersionLoggerListener.log Command line argument: --add-opens=java.rmi/sun.rmi.transport=ALL-UNNAMED
30-Oct-2023 00:38:05.995 INFO [main] org.apache.catalina.startup.VersionLoggerListener.log Command line argument: -DENV=DEV
30-Oct-2023 00:38:05.995 INFO [main] org.apache.catalina.startup.VersionLoggerListener.log Command line argument: -Dcatalina.home=C:\Users\Anton\Desktop\prjcts\veb1_crud_workspace\apache-tomcat-10.1.14
30-Oct-2023 00:38:05.995 INFO [main] org.apache.catalina.startup.VersionLoggerListener.log Command line argument: -Dcatalina.base=C:\Users\Anton\Desktop\prjcts\veb1_crud_workspace\vebinarcrud\work
30-Oct-2023 00:38:05.995 INFO [main] org.apache.catalina.startup.VersionLoggerListener.log Command line argument: -Djava.io.tmpdir=C:\Users\Anton\Desktop\prjcts\veb1_crud_workspace\vebinarcrud\work\temp
30-Oct-2023 00:38:05.995 INFO [main] org.apache.catalina.startup.VersionLoggerListener.log Command line argument: -Djava.util.logging.config.file=C:\Users\Anton\Desktop\prjcts\veb1_crud_workspace\vebinarcrud\work\conf\logging.properties
30-Oct-2023 00:38:05.996 INFO [main] org.apache.catalina.startup.VersionLoggerListener.log Command line argument: -Djava.util.logging.manager=org.apache.juli.ClassLoaderLogManager
30-Oct-2023 00:38:05.996 INFO [main] org.apache.catalina.startup.VersionLoggerListener.log Command line argument: -javaagent:C:\Program Files\JetBrains\IntelliJ IDEA 2023.2.4\lib\idea_rt.jar=57983:C:\Program Files\JetBrains\IntelliJ IDEA 2023.2.4\bin
30-Oct-2023 00:38:05.996 INFO [main] org.apache.catalina.startup.VersionLoggerListener.log Command line argument: -Dfile.encoding=UTF-8
30-Oct-2023 00:38:05.996 INFO [main] org.apache.catalina.startup.VersionLoggerListener.log Command line argument: -Dsun.stdout.encoding=UTF-8
30-Oct-2023 00:38:05.996 INFO [main] org.apache.catalina.startup.VersionLoggerListener.log Command line argument: -Dsun.stderr.encoding=UTF-8
30-Oct-2023 00:38:05.998 INFO [main] org.apache.catalina.core.AprLifecycleListener.lifecycleEvent Loaded Apache Tomcat Native library [2.0.6] using APR version [1.7.4].
30-Oct-2023 00:38:06.002 INFO [main] org.apache.catalina.core.AprLifecycleListener.initializeSSL OpenSSL successfully initialized [OpenSSL 3.0.11 19 Sep 2023]
30-Oct-2023 00:38:06.260 INFO [main] org.apache.coyote.AbstractProtocol.init Инициализация ProtocolHandler ["http-nio-8080"]
30-Oct-2023 00:38:06.277 INFO [main] org.apache.catalina.startup.Catalina.load Server initialization in [435] milliseconds
30-Oct-2023 00:38:06.323 INFO [main] org.apache.catalina.core.StandardService.startInternal Starting service [Catalina]
30-Oct-2023 00:38:06.323 INFO [main] org.apache.catalina.core.StandardEngine.startInternal Starting Servlet engine: [Apache Tomcat/10.1.14]
30-Oct-2023 00:38:06.330 INFO [main] org.apache.catalina.startup.HostConfig.deployDescriptor Deploying deployment descriptor [C:\Users\Anton\Desktop\prjcts\veb1_crud_workspace\vebinarcrud\work\conf\Catalina\localhost\vebinarcrud.xml]
30-Oct-2023 00:38:07.246 INFO [main] org.apache.jasper.servlet.TldScanner.scanJars At least one JAR was scanned for TLDs yet contained no TLDs. Enable debug logging for this logger for a complete list of JARs that were scanned but no TLDs were found in them. Skipping unneeded JARs during scanning can improve startup time and JSP compilation time.
30-Oct-2023 00:38:08.192 INFO [main] org.apache.catalina.startup.HostConfig.deployDescriptor Deployment of deployment descriptor [C:\Users\Anton\Desktop\prjcts\veb1_crud_workspace\vebinarcrud\work\conf\Catalina\localhost\vebinarcrud.xml] has finished in [1 862] ms
30-Oct-2023 00:38:08.195 INFO [main] org.apache.coyote.AbstractProtocol.start Starting ProtocolHandler ["http-nio-8080"]
30-Oct-2023 00:38:08.211 INFO [main] org.apache.catalina.startup.Catalina.start Server startup in [1932] milliseconds
30-Oct-2023 00:38:17.154 INFO [Thread-1] org.apache.coyote.AbstractProtocol.pause Pausing ProtocolHandler ["http-nio-8080"]
30-Oct-2023 00:38:17.155 INFO [Thread-1] org.apache.catalina.core.StandardService.stopInternal Stopping service [Catalina]
30-Oct-2023 00:38:17.164 INFO [Thread-1] org.apache.coyote.AbstractProtocol.stop Stopping ProtocolHandler ["http-nio-8080"]
30-Oct-2023 00:38:17.166 INFO [Thread-1] org.apache.coyote.AbstractProtocol.destroy Destroying ProtocolHandler ["http-nio-8080"]
30-Oct-2023 00:38:18.282 INFO [main] org.apache.catalina.startup.VersionLoggerListener.log Server version name:   Apache Tomcat/10.1.14
30-Oct-2023 00:38:18.286 INFO [main] org.apache.catalina.startup.VersionLoggerListener.log Server built:          Oct 9 2023 21:01:11 UTC
30-Oct-2023 00:38:18.286 INFO [main] org.apache.catalina.startup.VersionLoggerListener.log Server version number: 10.1.14.0
30-Oct-2023 00:38:18.286 INFO [main] org.apache.catalina.startup.VersionLoggerListener.log OS Name:               Windows 11
30-Oct-2023 00:38:18.286 INFO [main] org.apache.catalina.startup.VersionLoggerListener.log Версия ОС:             10.0
30-Oct-2023 00:38:18.286 INFO [main] org.apache.catalina.startup.VersionLoggerListener.log Архитектура:           amd64
30-Oct-2023 00:38:18.287 INFO [main] org.apache.catalina.startup.VersionLoggerListener.log Java Home:             C:\Users\Anton\.jdks\openjdk-21.0.1
30-Oct-2023 00:38:18.287 INFO [main] org.apache.catalina.startup.VersionLoggerListener.log Версия JVM:            21.0.1+12-29
30-Oct-2023 00:38:18.287 INFO [main] org.apache.catalina.startup.VersionLoggerListener.log Производитель JVM:     Oracle Corporation
30-Oct-2023 00:38:18.287 INFO [main] org.apache.catalina.startup.VersionLoggerListener.log CATALINA_BASE:         C:\Users\Anton\Desktop\prjcts\veb1_crud_workspace\vebinarcrud\work
30-Oct-2023 00:38:18.287 INFO [main] org.apache.catalina.startup.VersionLoggerListener.log CATALINA_HOME:         C:\Users\Anton\Desktop\prjcts\veb1_crud_workspace\apache-tomcat-10.1.14
30-Oct-2023 00:38:18.293 INFO [main] org.apache.catalina.startup.VersionLoggerListener.log Command line argument: --add-opens=java.base/java.lang=ALL-UNNAMED
30-Oct-2023 00:38:18.294 INFO [main] org.apache.catalina.startup.VersionLoggerListener.log Command line argument: --add-opens=java.base/java.io=ALL-UNNAMED
30-Oct-2023 00:38:18.294 INFO [main] org.apache.catalina.startup.VersionLoggerListener.log Command line argument: --add-opens=java.base/java.util=ALL-UNNAMED
30-Oct-2023 00:38:18.294 INFO [main] org.apache.catalina.startup.VersionLoggerListener.log Command line argument: --add-opens=java.base/java.util.concurrent=ALL-UNNAMED
30-Oct-2023 00:38:18.294 INFO [main] org.apache.catalina.startup.VersionLoggerListener.log Command line argument: --add-opens=java.rmi/sun.rmi.transport=ALL-UNNAMED
30-Oct-2023 00:38:18.294 INFO [main] org.apache.catalina.startup.VersionLoggerListener.log Command line argument: -DENV=DEV
30-Oct-2023 00:38:18.294 INFO [main] org.apache.catalina.startup.VersionLoggerListener.log Command line argument: -Dcatalina.home=C:\Users\Anton\Desktop\prjcts\veb1_crud_workspace\apache-tomcat-10.1.14
30-Oct-2023 00:38:18.294 INFO [main] org.apache.catalina.startup.VersionLoggerListener.log Command line argument: -Dcatalina.base=C:\Users\Anton\Desktop\prjcts\veb1_crud_workspace\vebinarcrud\work
30-Oct-2023 00:38:18.294 INFO [main] org.apache.catalina.startup.VersionLoggerListener.log Command line argument: -Djava.io.tmpdir=C:\Users\Anton\Desktop\prjcts\veb1_crud_workspace\vebinarcrud\work\temp
30-Oct-2023 00:38:18.294 INFO [main] org.apache.catalina.startup.VersionLoggerListener.log Command line argument: -Djava.util.logging.config.file=C:\Users\Anton\Desktop\prjcts\veb1_crud_workspace\vebinarcrud\work\conf\logging.properties
30-Oct-2023 00:38:18.294 INFO [main] org.apache.catalina.startup.VersionLoggerListener.log Command line argument: -Djava.util.logging.manager=org.apache.juli.ClassLoaderLogManager
30-Oct-2023 00:38:18.294 INFO [main] org.apache.catalina.startup.VersionLoggerListener.log Command line argument: -javaagent:C:\Program Files\JetBrains\IntelliJ IDEA 2023.2.4\lib\idea_rt.jar=57988:C:\Program Files\JetBrains\IntelliJ IDEA 2023.2.4\bin
30-Oct-2023 00:38:18.294 INFO [main] org.apache.catalina.startup.VersionLoggerListener.log Command line argument: -Dfile.encoding=UTF-8
30-Oct-2023 00:38:18.294 INFO [main] org.apache.catalina.startup.VersionLoggerListener.log Command line argument: -Dsun.stdout.encoding=UTF-8
30-Oct-2023 00:38:18.294 INFO [main] org.apache.catalina.startup.VersionLoggerListener.log Command line argument: -Dsun.stderr.encoding=UTF-8
30-Oct-2023 00:38:18.296 INFO [main] org.apache.catalina.core.AprLifecycleListener.lifecycleEvent Loaded Apache Tomcat Native library [2.0.6] using APR version [1.7.4].
30-Oct-2023 00:38:18.300 INFO [main] org.apache.catalina.core.AprLifecycleListener.initializeSSL OpenSSL successfully initialized [OpenSSL 3.0.11 19 Sep 2023]
30-Oct-2023 00:38:18.542 INFO [main] org.apache.coyote.AbstractProtocol.init Инициализация ProtocolHandler ["http-nio-8080"]
30-Oct-2023 00:38:18.581 INFO [main] org.apache.catalina.startup.Catalina.load Server initialization in [456] milliseconds
30-Oct-2023 00:38:18.621 INFO [main] org.apache.catalina.core.StandardService.startInternal Starting service [Catalina]
30-Oct-2023 00:38:18.621 INFO [main] org.apache.catalina.core.StandardEngine.startInternal Starting Servlet engine: [Apache Tomcat/10.1.14]
30-Oct-2023 00:38:18.629 INFO [main] org.apache.catalina.startup.HostConfig.deployDescriptor Deploying deployment descriptor [C:\Users\Anton\Desktop\prjcts\veb1_crud_workspace\vebinarcrud\work\conf\Catalina\localhost\vebinarcrud.xml]
30-Oct-2023 00:38:19.559 INFO [main] org.apache.jasper.servlet.TldScanner.scanJars At least one JAR was scanned for TLDs yet contained no TLDs. Enable debug logging for this logger for a complete list of JARs that were scanned but no TLDs were found in them. Skipping unneeded JARs during scanning can improve startup time and JSP compilation time.
30-Oct-2023 00:38:20.519 INFO [main] org.apache.catalina.startup.HostConfig.deployDescriptor Deployment of deployment descriptor [C:\Users\Anton\Desktop\prjcts\veb1_crud_workspace\vebinarcrud\work\conf\Catalina\localhost\vebinarcrud.xml] has finished in [1 889] ms
30-Oct-2023 00:38:20.521 INFO [main] org.apache.coyote.AbstractProtocol.start Starting ProtocolHandler ["http-nio-8080"]
30-Oct-2023 00:38:20.536 INFO [main] org.apache.catalina.startup.Catalina.start Server startup in [1954] milliseconds
30-Oct-2023 00:38:58.838 INFO [Thread-1] org.apache.coyote.AbstractProtocol.pause Pausing ProtocolHandler ["http-nio-8080"]
30-Oct-2023 00:38:58.839 INFO [Thread-1] org.apache.catalina.core.StandardService.stopInternal Stopping service [Catalina]
30-Oct-2023 00:38:58.847 INFO [Thread-1] org.apache.coyote.AbstractProtocol.stop Stopping ProtocolHandler ["http-nio-8080"]
30-Oct-2023 00:38:58.849 INFO [Thread-1] org.apache.coyote.AbstractProtocol.destroy Destroying ProtocolHandler ["http-nio-8080"]
30-Oct-2023 00:40:23.923 INFO [main] org.apache.catalina.startup.VersionLoggerListener.log Server version name:   Apache Tomcat/10.1.14
30-Oct-2023 00:40:23.928 INFO [main] org.apache.catalina.startup.VersionLoggerListener.log Server built:          Oct 9 2023 21:01:11 UTC
30-Oct-2023 00:40:23.928 INFO [main] org.apache.catalina.startup.VersionLoggerListener.log Server version number: 10.1.14.0
30-Oct-2023 00:40:23.928 INFO [main] org.apache.catalina.startup.VersionLoggerListener.log OS Name:               Windows 11
30-Oct-2023 00:40:23.928 INFO [main] org.apache.catalina.startup.VersionLoggerListener.log Версия ОС:             10.0
30-Oct-2023 00:40:23.929 INFO [main] org.apache.catalina.startup.VersionLoggerListener.log Архитектура:           amd64
30-Oct-2023 00:40:23.929 INFO [main] org.apache.catalina.startup.VersionLoggerListener.log Java Home:             C:\Users\Anton\.jdks\openjdk-21.0.1
30-Oct-2023 00:40:23.929 INFO [main] org.apache.catalina.startup.VersionLoggerListener.log Версия JVM:            21.0.1+12-29
30-Oct-2023 00:40:23.929 INFO [main] org.apache.catalina.startup.VersionLoggerListener.log Производитель JVM:     Oracle Corporation
30-Oct-2023 00:40:23.929 INFO [main] org.apache.catalina.startup.VersionLoggerListener.log CATALINA_BASE:         C:\Users\Anton\Desktop\prjcts\crud\vebinarcrud\work
30-Oct-2023 00:40:23.929 INFO [main] org.apache.catalina.startup.VersionLoggerListener.log CATALINA_HOME:         C:\Users\Anton\Desktop\prjcts\crud\apache-tomcat-10.1.14
30-Oct-2023 00:40:23.936 INFO [main] org.apache.catalina.startup.VersionLoggerListener.log Command line argument: --add-opens=java.base/java.lang=ALL-UNNAMED
30-Oct-2023 00:40:23.936 INFO [main] org.apache.catalina.startup.VersionLoggerListener.log Command line argument: --add-opens=java.base/java.io=ALL-UNNAMED
30-Oct-2023 00:40:23.937 INFO [main] org.apache.catalina.startup.VersionLoggerListener.log Command line argument: --add-opens=java.base/java.util=ALL-UNNAMED
30-Oct-2023 00:40:23.937 INFO [main] org.apache.catalina.startup.VersionLoggerListener.log Command line argument: --add-opens=java.base/java.util.concurrent=ALL-UNNAMED
30-Oct-2023 00:40:23.937 INFO [main] org.apache.catalina.startup.VersionLoggerListener.log Command line argument: --add-opens=java.rmi/sun.rmi.transport=ALL-UNNAMED
30-Oct-2023 00:40:23.937 INFO [main] org.apache.catalina.startup.VersionLoggerListener.log Command line argument: -DENV=DEV
30-Oct-2023 00:40:23.937 INFO [main] org.apache.catalina.startup.VersionLoggerListener.log Command line argument: -Dcatalina.home=C:\Users\Anton\Desktop\prjcts\crud\apache-tomcat-10.1.14
30-Oct-2023 00:40:23.937 INFO [main] org.apache.catalina.startup.VersionLoggerListener.log Command line argument: -Dcatalina.base=C:\Users\Anton\Desktop\prjcts\crud\vebinarcrud\work
30-Oct-2023 00:40:23.937 INFO [main] org.apache.catalina.startup.VersionLoggerListener.log Command line argument: -Djava.io.tmpdir=C:\Users\Anton\Desktop\prjcts\crud\vebinarcrud\work\temp
30-Oct-2023 00:40:23.937 INFO [main] org.apache.catalina.startup.VersionLoggerListener.log Command line argument: -Djava.util.logging.config.file=C:\Users\Anton\Desktop\prjcts\crud\vebinarcrud\work\conf\logging.properties
30-Oct-2023 00:40:23.937 INFO [main] org.apache.catalina.startup.VersionLoggerListener.log Command line argument: -Djava.util.logging.manager=org.apache.juli.ClassLoaderLogManager
30-Oct-2023 00:40:23.937 INFO [main] org.apache.catalina.startup.VersionLoggerListener.log Command line argument: -javaagent:C:\Program Files\JetBrains\IntelliJ IDEA 2023.2.4\lib\idea_rt.jar=58022:C:\Program Files\JetBrains\IntelliJ IDEA 2023.2.4\bin
30-Oct-2023 00:40:23.937 INFO [main] org.apache.catalina.startup.VersionLoggerListener.log Command line argument: -Dfile.encoding=UTF-8
30-Oct-2023 00:40:23.937 INFO [main] org.apache.catalina.startup.VersionLoggerListener.log Command line argument: -Dsun.stdout.encoding=UTF-8
30-Oct-2023 00:40:23.937 INFO [main] org.apache.catalina.startup.VersionLoggerListener.log Command line argument: -Dsun.stderr.encoding=UTF-8
30-Oct-2023 00:40:23.940 INFO [main] org.apache.catalina.core.AprLifecycleListener.lifecycleEvent Loaded Apache Tomcat Native library [2.0.6] using APR version [1.7.4].
30-Oct-2023 00:40:23.945 INFO [main] org.apache.catalina.core.AprLifecycleListener.initializeSSL OpenSSL successfully initialized [OpenSSL 3.0.11 19 Sep 2023]
30-Oct-2023 00:40:24.203 INFO [main] org.apache.coyote.AbstractProtocol.init Инициализация ProtocolHandler ["http-nio-8080"]
30-Oct-2023 00:40:24.221 INFO [main] org.apache.catalina.startup.Catalina.load Server initialization in [449] milliseconds
30-Oct-2023 00:40:24.267 INFO [main] org.apache.catalina.core.StandardService.startInternal Starting service [Catalina]
30-Oct-2023 00:40:24.267 INFO [main] org.apache.catalina.core.StandardEngine.startInternal Starting Servlet engine: [Apache Tomcat/10.1.14]
30-Oct-2023 00:40:24.275 INFO [main] org.apache.catalina.startup.HostConfig.deployDescriptor Deploying deployment descriptor [C:\Users\Anton\Desktop\prjcts\crud\vebinarcrud\work\conf\Catalina\localhost\vebinarcrud.xml]
30-Oct-2023 00:40:25.257 INFO [main] org.apache.jasper.servlet.TldScanner.scanJars At least one JAR was scanned for TLDs yet contained no TLDs. Enable debug logging for this logger for a complete list of JARs that were scanned but no TLDs were found in them. Skipping unneeded JARs during scanning can improve startup time and JSP compilation time.
30-Oct-2023 00:40:26.183 INFO [main] org.apache.catalina.startup.HostConfig.deployDescriptor Deployment of deployment descriptor [C:\Users\Anton\Desktop\prjcts\crud\vebinarcrud\work\conf\Catalina\localhost\vebinarcrud.xml] has finished in [1 907] ms
30-Oct-2023 00:40:26.185 INFO [main] org.apache.coyote.AbstractProtocol.start Starting ProtocolHandler ["http-nio-8080"]
30-Oct-2023 00:40:26.201 INFO [main] org.apache.catalina.startup.Catalina.start Server startup in [1979] milliseconds
30-Oct-2023 00:40:40.369 INFO [Thread-1] org.apache.coyote.AbstractProtocol.pause Pausing ProtocolHandler ["http-nio-8080"]
30-Oct-2023 00:40:40.370 INFO [Thread-1] org.apache.catalina.core.StandardService.stopInternal Stopping service [Catalina]
30-Oct-2023 00:40:40.377 INFO [Thread-1] org.apache.coyote.AbstractProtocol.stop Stopping ProtocolHandler ["http-nio-8080"]
30-Oct-2023 00:40:40.384 INFO [Thread-1] org.apache.coyote.AbstractProtocol.destroy Destroying ProtocolHandler ["http-nio-8080"]
